[debug] [2023-03-28T02:28:54.753Z] ----------------------------------------------------------------------
[debug] [2023-03-28T02:28:54.757Z] Command:       C:\Program Files\nodejs\node.exe C:\Users\tubam\AppData\Roaming\npm\node_modules\firebase-tools\lib\bin\firebase.js serve
[debug] [2023-03-28T02:28:54.758Z] CLI Version:   11.18.0
[debug] [2023-03-28T02:28:54.758Z] Platform:      win32
[debug] [2023-03-28T02:28:54.759Z] Node Version:  v18.12.1
[debug] [2023-03-28T02:28:54.760Z] Time:          Tue Mar 28 2023 11:28:54 GMT+0900 (日本標準時)
[debug] [2023-03-28T02:28:54.761Z] ----------------------------------------------------------------------
[debug] 
[debug] [2023-03-28T02:28:54.767Z] >>> [apiv2][query] GET https://firebase-public.firebaseio.com/cli.json [none]
[debug] [2023-03-28T02:28:55.055Z] > command requires scopes: ["email","openid","https://www.googleapis.com/auth/cloudplatformprojects.readonly","https://www.googleapis.com/auth/firebase","https://www.googleapis.com/auth/cloud-platform"]
[debug] [2023-03-28T02:28:55.055Z] > authorizing via signed-in user (flyrb7@gmail.com)
[debug] [2023-03-28T02:28:55.055Z] [iam] checking project gdsc-nu-sc2023 for permissions ["firebase.projects.get"]
[debug] [2023-03-28T02:28:55.057Z] > refreshing access token with scopes: []
[debug] [2023-03-28T02:28:55.063Z] >>> [apiv2][query] POST https://www.googleapis.com/oauth2/v3/token [none]
[debug] [2023-03-28T02:28:55.063Z] >>> [apiv2][body] POST https://www.googleapis.com/oauth2/v3/token [omitted]
[debug] [2023-03-28T02:28:55.270Z] <<< [apiv2][status] POST https://www.googleapis.com/oauth2/v3/token 200
[debug] [2023-03-28T02:28:55.271Z] <<< [apiv2][body] POST https://www.googleapis.com/oauth2/v3/token [omitted]
[debug] [2023-03-28T02:28:55.286Z] >>> [apiv2][query] POST https://cloudresourcemanager.googleapis.com/v1/projects/gdsc-nu-sc2023:testIamPermissions [none]
[debug] [2023-03-28T02:28:55.287Z] >>> [apiv2][(partial)header] POST https://cloudresourcemanager.googleapis.com/v1/projects/gdsc-nu-sc2023:testIamPermissions x-goog-quota-user=projects/gdsc-nu-sc2023
[debug] [2023-03-28T02:28:55.287Z] >>> [apiv2][body] POST https://cloudresourcemanager.googleapis.com/v1/projects/gdsc-nu-sc2023:testIamPermissions {"permissions":["firebase.projects.get"]}
[debug] [2023-03-28T02:28:55.417Z] <<< [apiv2][status] GET https://firebase-public.firebaseio.com/cli.json 200
[debug] [2023-03-28T02:28:55.418Z] <<< [apiv2][body] GET https://firebase-public.firebaseio.com/cli.json {"cloudBuildErrorAfter":1594252800000,"cloudBuildWarnAfter":1590019200000,"defaultNode10After":1594252800000,"minVersion":"3.0.5","node8DeploysDisabledAfter":1613390400000,"node8RuntimeDisabledAfter":1615809600000,"node8WarnAfter":1600128000000}
[debug] [2023-03-28T02:28:56.092Z] <<< [apiv2][status] POST https://cloudresourcemanager.googleapis.com/v1/projects/gdsc-nu-sc2023:testIamPermissions 200
[debug] [2023-03-28T02:28:56.092Z] <<< [apiv2][body] POST https://cloudresourcemanager.googleapis.com/v1/projects/gdsc-nu-sc2023:testIamPermissions {}
[debug] [2023-03-28T02:28:56.092Z] [iam] error while checking permissions, command may fail: FirebaseError: Authorization failed. This account is missing the following required permissions on project gdsc-nu-sc2023:

  firebase.projects.get
[debug] [2023-03-28T02:28:56.094Z] >>> [apiv2][query] GET https://firebase.googleapis.com/v1beta1/projects/gdsc-nu-sc2023 [none]
[debug] [2023-03-28T02:28:56.490Z] <<< [apiv2][status] GET https://firebase.googleapis.com/v1beta1/projects/gdsc-nu-sc2023 403
[debug] [2023-03-28T02:28:56.491Z] <<< [apiv2][body] GET https://firebase.googleapis.com/v1beta1/projects/gdsc-nu-sc2023 {"error":{"code":403,"message":"The caller does not have permission","status":"PERMISSION_DENIED"}}
[debug] [2023-03-28T02:28:56.491Z] HTTP Error: 403, The caller does not have permission
[debug] [2023-03-28T02:28:56.635Z] FirebaseError: HTTP Error: 403, The caller does not have permission
    at responseToError (C:\Users\tubam\AppData\Roaming\npm\node_modules\firebase-tools\lib\responseToError.js:49:12)
    at RetryOperation._fn (C:\Users\tubam\AppData\Roaming\npm\node_modules\firebase-tools\lib\apiv2.js:288:77)
    at process.processTicksAndRejections (node:internal/process/task_queues:95:5)
[error] 
[error] Error: Failed to get Firebase project gdsc-nu-sc2023. Please make sure the project exists and your account has permission to access it.
